Med2/app/build/intermediates/manifest_merge_blame_file/debug/manifest-merger-blame-debug-report.txt
1<?xml version="1.0" encoding="utf-8"?>
2<manifest xmlns:android="http://schemas.android.com/apk/res/android"
3    package="com.example.med2"
4    android:versionCode="1"
5    android:versionName="1.0" >
6
7    <uses-sdk
8        android:minSdkVersion="21"
8-->src/main/AndroidManifest.xml
9        android:targetSdkVersion="30" />
9-->src/main/AndroidManifest.xml
10
11    <uses-permission android:name="android.permission.INTERNET" />
11-->[com.firebaseui:firebase-ui:0.4.3] AndroidManifest.xml:11:5-67
11-->[com.firebaseui:firebase-ui:0.4.3] AndroidManifest.xml:11:22-64
12    <uses-permission android:name="android.permission.ACCESS_NETWORK_STATE" />
12-->[com.firebaseui:firebase-ui-auth:7.1.1] AndroidManifest.xml:12:5-79
12-->[com.firebaseui:firebase-ui-auth:7.1.1] AndroidManifest.xml:12:22-76
13
14    <application
14-->src/main/AndroidManifest.xml:5:5-20:19
15        android:allowBackup="true"
15-->src/main/AndroidManifest.xml:6:9-35
16        android:appComponentFactory="androidx.core.app.CoreComponentFactory"
16-->[androidx.core:core:1.5.0] AndroidManifest.xml:24:18-86
17        android:debuggable="true"
18        android:icon="@mipmap/ic_launcher"
18-->src/main/AndroidManifest.xml:7:9-43
19        android:label="@string/app_name"
19-->src/main/AndroidManifest.xml:8:9-41
20        android:roundIcon="@mipmap/ic_launcher_round"
20-->src/main/AndroidManifest.xml:9:9-54
21        android:supportsRtl="true"
21-->src/main/AndroidManifest.xml:10:9-35
22        android:testOnly="true"
23        android:theme="@style/Theme.Med2" >
23-->src/main/AndroidManifest.xml:11:9-42
24        <activity android:name="com.example.med2.chat" />
24-->src/main/AndroidManifest.xml:12:9-51
24-->src/main/AndroidManifest.xml:12:19-39
25        <activity android:name="com.example.med2.MainActivity" >
25-->src/main/AndroidManifest.xml:13:9-19:20
25-->src/main/AndroidManifest.xml:13:19-47
26            <intent-filter>
26-->src/main/AndroidManifest.xml:14:13-18:29
27                <action android:name="android.intent.action.MAIN" />
27-->src/main/AndroidManifest.xml:15:17-69
27-->src/main/AndroidManifest.xml:15:25-66
28
29                <category android:name="android.intent.category.LAUNCHER" />
29-->src/main/AndroidManifest.xml:17:17-77
29-->src/main/AndroidManifest.xml:17:27-74
30            </intent-filter>
31        </activity>
32
33        <meta-data
33-->[com.firebaseui:firebase-ui-auth:7.1.1] AndroidManifest.xml:16:9-18:69
34            android:name="com.google.android.gms.version"
34-->[com.firebaseui:firebase-ui-auth:7.1.1] AndroidManifest.xml:17:13-58
35            android:value="@integer/google_play_services_version" />
35-->[com.firebaseui:firebase-ui-auth:7.1.1] AndroidManifest.xml:18:13-66
36        <meta-data
36-->[com.firebaseui:firebase-ui-auth:7.1.1] AndroidManifest.xml:19:9-21:63
37            android:name="com.facebook.sdk.ApplicationId"
37-->[com.firebaseui:firebase-ui-auth:7.1.1] AndroidManifest.xml:20:13-58
38            android:value="@string/facebook_application_id" />
38-->[com.firebaseui:firebase-ui-auth:7.1.1] AndroidManifest.xml:21:13-60
39
40        <activity
40-->[com.firebaseui:firebase-ui-auth:7.1.1] AndroidManifest.xml:23:9-27:61
41            android:name="com.firebase.ui.auth.KickoffActivity"
41-->[com.firebaseui:firebase-ui-auth:7.1.1] AndroidManifest.xml:24:13-64
42            android:exported="false"
42-->[com.firebaseui:firebase-ui-auth:7.1.1] AndroidManifest.xml:25:13-37
43            android:label=""
43-->[com.firebaseui:firebase-ui-auth:7.1.1] AndroidManifest.xml:26:13-29
44            android:theme="@style/FirebaseUI.Transparent" />
44-->[com.firebaseui:firebase-ui-auth:7.1.1] AndroidManifest.xml:27:13-58
45        <activity
45-->[com.firebaseui:firebase-ui-auth:7.1.1] AndroidManifest.xml:28:9-32:61
46            android:name="com.firebase.ui.auth.ui.idp.SingleSignInActivity"
46-->[com.firebaseui:firebase-ui-auth:7.1.1] AndroidManifest.xml:29:13-76
47            android:exported="false"
47-->[com.firebaseui:firebase-ui-auth:7.1.1] AndroidManifest.xml:30:13-37
48            android:label=""
48-->[com.firebaseui:firebase-ui-auth:7.1.1] AndroidManifest.xml:31:13-29
49            android:theme="@style/FirebaseUI.Transparent" />
49-->[com.firebaseui:firebase-ui-auth:7.1.1] AndroidManifest.xml:32:13-58
50        <activity
50-->[com.firebaseui:firebase-ui-auth:7.1.1] AndroidManifest.xml:33:9-37:61
51            android:name="com.firebase.ui.auth.ui.credentials.CredentialSaveActivity"
51-->[com.firebaseui:firebase-ui-auth:7.1.1] AndroidManifest.xml:34:13-86
52            android:exported="false"
52-->[com.firebaseui:firebase-ui-auth:7.1.1] AndroidManifest.xml:35:13-37
53            android:label=""
53-->[com.firebaseui:firebase-ui-auth:7.1.1] AndroidManifest.xml:36:13-29
54            android:theme="@style/FirebaseUI.Transparent" />
54-->[com.firebaseui:firebase-ui-auth:7.1.1] AndroidManifest.xml:37:13-58
55        <activity
55-->[com.firebaseui:firebase-ui-auth:7.1.1] AndroidManifest.xml:38:9-42:58
56            android:name="com.firebase.ui.auth.ui.email.RecoverPasswordActivity"
56-->[com.firebaseui:firebase-ui-auth:7.1.1] AndroidManifest.xml:39:13-81
57            android:exported="false"
57-->[com.firebaseui:firebase-ui-auth:7.1.1] AndroidManifest.xml:40:13-37
58            android:label="@string/fui_title_recover_password_activity"
58-->[com.firebaseui:firebase-ui-auth:7.1.1] AndroidManifest.xml:41:13-72
59            android:windowSoftInputMode="adjustResize" />
59-->[com.firebaseui:firebase-ui-auth:7.1.1] AndroidManifest.xml:42:13-55
60        <activity
60-->[com.firebaseui:firebase-ui-auth:7.1.1] AndroidManifest.xml:43:9-47:58
61            android:name="com.firebase.ui.auth.ui.email.EmailActivity"
61-->[com.firebaseui:firebase-ui-auth:7.1.1] AndroidManifest.xml:44:13-71
62            android:exported="false"
62-->[com.firebaseui:firebase-ui-auth:7.1.1] AndroidManifest.xml:45:13-37
63            android:label="@string/fui_sign_in_default"
63-->[com.firebaseui:firebase-ui-auth:7.1.1] AndroidManifest.xml:46:13-56
64            android:windowSoftInputMode="adjustResize" />
64-->[com.firebaseui:firebase-ui-auth:7.1.1] AndroidManifest.xml:47:13-55
65        <activity
65-->[com.firebaseui:firebase-ui-auth:7.1.1] AndroidManifest.xml:48:9-52:77
66            android:name="com.firebase.ui.auth.ui.phone.PhoneActivity"
66-->[com.firebaseui:firebase-ui-auth:7.1.1] AndroidManifest.xml:49:13-71
67            android:exported="false"
67-->[com.firebaseui:firebase-ui-auth:7.1.1] AndroidManifest.xml:50:13-37
68            android:label="@string/fui_sign_in_with_phone_number"
68-->[com.firebaseui:firebase-ui-auth:7.1.1] AndroidManifest.xml:51:13-66
69            android:windowSoftInputMode="adjustResize|stateAlwaysVisible" />
69-->[com.firebaseui:firebase-ui-auth:7.1.1] AndroidManifest.xml:52:13-74
70        <activity
70-->[com.firebaseui:firebase-ui-auth:7.1.1] AndroidManifest.xml:53:9-57:58
71            android:name="com.firebase.ui.auth.ui.idp.WelcomeBackIdpPrompt"
71-->[com.firebaseui:firebase-ui-auth:7.1.1] AndroidManifest.xml:54:13-76
72            android:exported="false"
72-->[com.firebaseui:firebase-ui-auth:7.1.1] AndroidManifest.xml:55:13-37
73            android:label="@string/fui_title_welcome_back_idp_prompt"
73-->[com.firebaseui:firebase-ui-auth:7.1.1] AndroidManifest.xml:56:13-70
74            android:windowSoftInputMode="adjustResize" />
74-->[com.firebaseui:firebase-ui-auth:7.1.1] AndroidManifest.xml:57:13-55
75        <activity
75-->[com.firebaseui:firebase-ui-auth:7.1.1] AndroidManifest.xml:58:9-62:58
76            android:name="com.firebase.ui.auth.ui.email.WelcomeBackPasswordPrompt"
76-->[com.firebaseui:firebase-ui-auth:7.1.1] AndroidManifest.xml:59:13-83
77            android:exported="false"
77-->[com.firebaseui:firebase-ui-auth:7.1.1] AndroidManifest.xml:60:13-37
78            android:label="@string/fui_title_welcome_back_password_prompt"
78-->[com.firebaseui:firebase-ui-auth:7.1.1] AndroidManifest.xml:61:13-75
79            android:windowSoftInputMode="adjustResize" />
79-->[com.firebaseui:firebase-ui-auth:7.1.1] AndroidManifest.xml:62:13-55
80        <activity
80-->[com.firebaseui:firebase-ui-auth:7.1.1] AndroidManifest.xml:63:9-67:58
81            android:name="com.firebase.ui.auth.ui.email.WelcomeBackEmailLinkPrompt"
81-->[com.firebaseui:firebase-ui-auth:7.1.1] AndroidManifest.xml:64:13-84
82            android:exported="false"
82-->[com.firebaseui:firebase-ui-auth:7.1.1] AndroidManifest.xml:65:13-37
83            android:label="@string/fui_title_welcome_back_password_prompt"
83-->[com.firebaseui:firebase-ui-auth:7.1.1] AndroidManifest.xml:66:13-75
84            android:windowSoftInputMode="adjustResize" />
84-->[com.firebaseui:firebase-ui-auth:7.1.1] AndroidManifest.xml:67:13-55
85        <activity
85-->[com.firebaseui:firebase-ui-auth:7.1.1] AndroidManifest.xml:68:9-73:58
86            android:name="com.firebase.ui.auth.ui.email.EmailLinkCatcherActivity"
86-->[com.firebaseui:firebase-ui-auth:7.1.1] AndroidManifest.xml:69:13-82
87            android:exported="false"
87-->[com.firebaseui:firebase-ui-auth:7.1.1] AndroidManifest.xml:70:13-37
88            android:label=""
88-->[com.firebaseui:firebase-ui-auth:7.1.1] AndroidManifest.xml:71:13-29
89            android:theme="@style/FirebaseUI.Transparent"
89-->[com.firebaseui:firebase-ui-auth:7.1.1] AndroidManifest.xml:72:13-58
90            android:windowSoftInputMode="adjustResize" />
90-->[com.firebaseui:firebase-ui-auth:7.1.1] AndroidManifest.xml:73:13-55
91        <activity
91-->[com.firebaseui:firebase-ui-auth:7.1.1] AndroidManifest.xml:74:9-78:58
92            android:name="com.firebase.ui.auth.ui.email.EmailLinkErrorRecoveryActivity"
92-->[com.firebaseui:firebase-ui-auth:7.1.1] AndroidManifest.xml:75:13-88
93            android:exported="false"
93-->[com.firebaseui:firebase-ui-auth:7.1.1] AndroidManifest.xml:76:13-37
94            android:label="@string/fui_sign_in_default"
94-->[com.firebaseui:firebase-ui-auth:7.1.1] AndroidManifest.xml:77:13-56
95            android:windowSoftInputMode="adjustResize" />
95-->[com.firebaseui:firebase-ui-auth:7.1.1] AndroidManifest.xml:78:13-55
96        <activity
96-->[com.firebaseui:firebase-ui-auth:7.1.1] AndroidManifest.xml:79:9-82:65
97            android:name="com.firebase.ui.auth.ui.idp.AuthMethodPickerActivity"
97-->[com.firebaseui:firebase-ui-auth:7.1.1] AndroidManifest.xml:80:13-80
98            android:exported="false"
98-->[com.firebaseui:firebase-ui-auth:7.1.1] AndroidManifest.xml:81:13-37
99            android:label="@string/fui_default_toolbar_title" />
99-->[com.firebaseui:firebase-ui-auth:7.1.1] AndroidManifest.xml:82:13-62
100        <activity
100-->[com.firebaseui:firebase-ui-auth:7.1.1] AndroidManifest.xml:83:9-87:48
101            android:name="com.facebook.FacebookActivity"
101-->[com.firebaseui:firebase-ui-auth:7.1.1] AndroidManifest.xml:84:13-57
102            android:configChanges="keyboard|keyboardHidden|screenLayout|screenSize|orientation"
102-->[com.firebaseui:firebase-ui-auth:7.1.1] AndroidManifest.xml:85:13-96
103            android:label="@string/app_name" />
103-->[com.firebaseui:firebase-ui-auth:7.1.1] AndroidManifest.xml:86:13-45
104        <activity
104-->[com.firebaseui:firebase-ui-auth:7.1.1] AndroidManifest.xml:88:9-100:20
105            android:name="com.facebook.CustomTabActivity"
105-->[com.firebaseui:firebase-ui-auth:7.1.1] AndroidManifest.xml:89:13-58
106            android:exported="true" >
106-->[com.firebaseui:firebase-ui-auth:7.1.1] AndroidManifest.xml:90:13-36
107            <intent-filter>
107-->[com.firebaseui:firebase-ui-auth:7.1.1] AndroidManifest.xml:92:13-99:29
108                <action android:name="android.intent.action.VIEW" />
108-->[com.firebaseui:firebase-ui-auth:7.1.1] AndroidManifest.xml:93:17-69
108-->[com.firebaseui:firebase-ui-auth:7.1.1] AndroidManifest.xml:93:25-66
109
110                <category android:name="android.intent.category.DEFAULT" />
110-->[com.firebaseui:firebase-ui-auth:7.1.1] AndroidManifest.xml:95:17-76
110-->[com.firebaseui:firebase-ui-auth:7.1.1] AndroidManifest.xml:95:27-73
111                <category android:name="android.intent.category.BROWSABLE" />
111-->[com.firebaseui:firebase-ui-auth:7.1.1] AndroidManifest.xml:96:17-78
111-->[com.firebaseui:firebase-ui-auth:7.1.1] AndroidManifest.xml:96:27-75
112
113                <data android:scheme="@string/facebook_login_protocol_scheme" />
113-->[com.firebaseui:firebase-ui-auth:7.1.1] AndroidManifest.xml:98:17-81
113-->[com.firebaseui:firebase-ui-auth:7.1.1] AndroidManifest.xml:98:23-78
114            </intent-filter>
115        </activity>
116
117        <provider
117-->[com.firebaseui:firebase-ui-auth:7.1.1] AndroidManifest.xml:102:9-106:38
118            android:name="com.firebase.ui.auth.data.client.AuthUiInitProvider"
118-->[com.firebaseui:firebase-ui-auth:7.1.1] AndroidManifest.xml:103:13-79
119            android:authorities="com.example.med2.authuiinitprovider"
119-->[com.firebaseui:firebase-ui-auth:7.1.1] AndroidManifest.xml:104:13-70
120            android:exported="false"
120-->[com.firebaseui:firebase-ui-auth:7.1.1] AndroidManifest.xml:105:13-37
121            android:initOrder="90" />
121-->[com.firebaseui:firebase-ui-auth:7.1.1] AndroidManifest.xml:106:13-35
122
123        <service
123-->[com.google.firebase:firebase-database:20.0.0] AndroidManifest.xml:29:9-35:19
124            android:name="com.google.firebase.components.ComponentDiscoveryService"
124-->[com.google.firebase:firebase-database:20.0.0] AndroidManifest.xml:30:13-84
125            android:directBootAware="true"
125-->[com.google.firebase:firebase-common:20.0.0] AndroidManifest.xml:35:13-43
126            android:exported="false" >
126-->[com.google.firebase:firebase-database:20.0.0] AndroidManifest.xml:31:13-37
127            <meta-data
127-->[com.google.firebase:firebase-database:20.0.0] AndroidManifest.xml:32:13-34:85
128                android:name="com.google.firebase.components:com.google.firebase.database.DatabaseRegistrar"
128-->[com.google.firebase:firebase-database:20.0.0] AndroidManifest.xml:33:17-109
129                android:value="com.google.firebase.components.ComponentRegistrar" />
129-->[com.google.firebase:firebase-database:20.0.0] AndroidManifest.xml:34:17-82
130            <meta-data
130-->[com.google.firebase:firebase-firestore:22.0.0] AndroidManifest.xml:20:13-22:85
131                android:name="com.google.firebase.components:com.google.firebase.firestore.FirestoreRegistrar"
131-->[com.google.firebase:firebase-firestore:22.0.0] AndroidManifest.xml:21:17-111
132                android:value="com.google.firebase.components.ComponentRegistrar" />
132-->[com.google.firebase:firebase-firestore:22.0.0] AndroidManifest.xml:22:17-82
133            <meta-data
133-->[com.google.firebase:firebase-auth:20.0.0] AndroidManifest.xml:85:13-87:85
134                android:name="com.google.firebase.components:com.google.firebase.auth.FirebaseAuthRegistrar"
134-->[com.google.firebase:firebase-auth:20.0.0] AndroidManifest.xml:86:17-109
135                android:value="com.google.firebase.components.ComponentRegistrar" />
135-->[com.google.firebase:firebase-auth:20.0.0] AndroidManifest.xml:87:17-82
136            <meta-data
136-->[com.google.firebase:firebase-storage:19.2.0] AndroidManifest.xml:33:13-35:85
137                android:name="com.google.firebase.components:com.google.firebase.storage.StorageRegistrar"
137-->[com.google.firebase:firebase-storage:19.2.0] AndroidManifest.xml:34:17-107
138                android:value="com.google.firebase.components.ComponentRegistrar" />
138-->[com.google.firebase:firebase-storage:19.2.0] AndroidManifest.xml:35:17-82
139        </service>
140
141        <activity
141-->[com.google.android.gms:play-services-auth:19.0.0] AndroidManifest.xml:23:9-27:75
142            android:name="com.google.android.gms.auth.api.signin.internal.SignInHubActivity"
142-->[com.google.android.gms:play-services-auth:19.0.0] AndroidManifest.xml:24:13-93
143            android:excludeFromRecents="true"
143-->[com.google.android.gms:play-services-auth:19.0.0] AndroidManifest.xml:25:13-46
144            android:exported="false"
144-->[com.google.android.gms:play-services-auth:19.0.0] AndroidManifest.xml:26:13-37
145            android:theme="@android:style/Theme.Translucent.NoTitleBar" />
145-->[com.google.android.gms:play-services-auth:19.0.0] AndroidManifest.xml:27:13-72
146        <!--
147            Service handling Google Sign-In user revocation. For apps that do not integrate with
148            Google Sign-In, this service will never be started.
149        -->
150        <service
150-->[com.google.android.gms:play-services-auth:19.0.0] AndroidManifest.xml:33:9-37:51
151            android:name="com.google.android.gms.auth.api.signin.RevocationBoundService"
151-->[com.google.android.gms:play-services-auth:19.0.0] AndroidManifest.xml:34:13-89
152            android:exported="true"
152-->[com.google.android.gms:play-services-auth:19.0.0] AndroidManifest.xml:35:13-36
153            android:permission="com.google.android.gms.auth.api.signin.permission.REVOCATION_NOTIFICATION"
153-->[com.google.android.gms:play-services-auth:19.0.0] AndroidManifest.xml:36:13-107
154            android:visibleToInstantApps="true" />
154-->[com.google.android.gms:play-services-auth:19.0.0] AndroidManifest.xml:37:13-48
155
156        <activity
156-->[com.google.firebase:firebase-auth:20.0.0] AndroidManifest.xml:27:9-34:50
157            android:name="com.google.firebase.auth.internal.FederatedSignInActivity"
157-->[com.google.firebase:firebase-auth:20.0.0] AndroidManifest.xml:28:13-85
158            android:excludeFromRecents="true"
158-->[com.google.firebase:firebase-auth:20.0.0] AndroidManifest.xml:29:13-46
159            android:exported="true"
159-->[com.google.firebase:firebase-auth:20.0.0] AndroidManifest.xml:30:13-36
160            android:launchMode="singleTask"
160-->[com.google.firebase:firebase-auth:20.0.0] AndroidManifest.xml:31:13-44
161            android:permission="com.google.firebase.auth.api.gms.permission.LAUNCH_FEDERATED_SIGN_IN"
161-->[com.google.firebase:firebase-auth:20.0.0] AndroidManifest.xml:32:13-102
162            android:theme="@android:style/Theme.Translucent.NoTitleBar" />
162-->[com.google.firebase:firebase-auth:20.0.0] AndroidManifest.xml:33:13-72
163        <activity
163-->[com.google.firebase:firebase-auth:20.0.0] AndroidManifest.xml:35:9-52:20
164            android:name="com.google.firebase.auth.internal.GenericIdpActivity"
164-->[com.google.firebase:firebase-auth:20.0.0] AndroidManifest.xml:36:13-80
165            android:excludeFromRecents="true"
165-->[com.google.firebase:firebase-auth:20.0.0] AndroidManifest.xml:37:13-46
166            android:exported="true"
166-->[com.google.firebase:firebase-auth:20.0.0] AndroidManifest.xml:38:13-36
167            android:launchMode="singleTask"
167-->[com.google.firebase:firebase-auth:20.0.0] AndroidManifest.xml:39:13-44
168            android:theme="@android:style/Theme.Translucent.NoTitleBar" >
168-->[com.google.firebase:firebase-auth:20.0.0] AndroidManifest.xml:40:13-72
169            <intent-filter>
169-->[com.google.firebase:firebase-auth:20.0.0] AndroidManifest.xml:41:13-51:29
170                <action android:name="android.intent.action.VIEW" />
170-->[com.firebaseui:firebase-ui-auth:7.1.1] AndroidManifest.xml:93:17-69
170-->[com.firebaseui:firebase-ui-auth:7.1.1] AndroidManifest.xml:93:25-66
171
172                <category android:name="android.intent.category.DEFAULT" />
172-->[com.firebaseui:firebase-ui-auth:7.1.1] AndroidManifest.xml:95:17-76
172-->[com.firebaseui:firebase-ui-auth:7.1.1] AndroidManifest.xml:95:27-73
173                <category android:name="android.intent.category.BROWSABLE" />
173-->[com.firebaseui:firebase-ui-auth:7.1.1] AndroidManifest.xml:96:17-78
173-->[com.firebaseui:firebase-ui-auth:7.1.1] AndroidManifest.xml:96:27-75
174
175                <data
175-->[com.firebaseui:firebase-ui-auth:7.1.1] AndroidManifest.xml:98:17-81
176                    android:host="firebase.auth"
177                    android:path="/"
178                    android:scheme="genericidp" />
178-->[com.firebaseui:firebase-ui-auth:7.1.1] AndroidManifest.xml:98:23-78
179            </intent-filter>
180        </activity>
181        <activity
181-->[com.google.firebase:firebase-auth:20.0.0] AndroidManifest.xml:53:9-70:20
182            android:name="com.google.firebase.auth.internal.RecaptchaActivity"
182-->[com.google.firebase:firebase-auth:20.0.0] AndroidManifest.xml:54:13-79
183            android:excludeFromRecents="true"
183-->[com.google.firebase:firebase-auth:20.0.0] AndroidManifest.xml:55:13-46
184            android:exported="true"
184-->[com.google.firebase:firebase-auth:20.0.0] AndroidManifest.xml:56:13-36
185            android:launchMode="singleTask"
185-->[com.google.firebase:firebase-auth:20.0.0] AndroidManifest.xml:57:13-44
186            android:theme="@android:style/Theme.Translucent.NoTitleBar" >
186-->[com.google.firebase:firebase-auth:20.0.0] AndroidManifest.xml:58:13-72
187            <intent-filter>
187-->[com.google.firebase:firebase-auth:20.0.0] AndroidManifest.xml:59:13-69:29
188                <action android:name="android.intent.action.VIEW" />
188-->[com.firebaseui:firebase-ui-auth:7.1.1] AndroidManifest.xml:93:17-69
188-->[com.firebaseui:firebase-ui-auth:7.1.1] AndroidManifest.xml:93:25-66
189
190                <category android:name="android.intent.category.DEFAULT" />
190-->[com.firebaseui:firebase-ui-auth:7.1.1] AndroidManifest.xml:95:17-76
190-->[com.firebaseui:firebase-ui-auth:7.1.1] AndroidManifest.xml:95:27-73
191                <category android:name="android.intent.category.BROWSABLE" />
191-->[com.firebaseui:firebase-ui-auth:7.1.1] AndroidManifest.xml:96:17-78
191-->[com.firebaseui:firebase-ui-auth:7.1.1] AndroidManifest.xml:96:27-75
192
193                <data
193-->[com.firebaseui:firebase-ui-auth:7.1.1] AndroidManifest.xml:98:17-81
194                    android:host="firebase.auth"
195                    android:path="/"
196                    android:scheme="recaptcha" />
196-->[com.firebaseui:firebase-ui-auth:7.1.1] AndroidManifest.xml:98:23-78
197            </intent-filter>
198        </activity>
199
200        <service
200-->[com.google.firebase:firebase-auth:20.0.0] AndroidManifest.xml:72:9-81:19
201            android:name="com.google.firebase.auth.api.fallback.service.FirebaseAuthFallbackService"
201-->[com.google.firebase:firebase-auth:20.0.0] AndroidManifest.xml:73:13-101
202            android:enabled="true"
202-->[com.google.firebase:firebase-auth:20.0.0] AndroidManifest.xml:74:13-35
203            android:exported="false" >
203-->[com.google.firebase:firebase-auth:20.0.0] AndroidManifest.xml:75:13-37
204            <intent-filter>
204-->[com.google.firebase:firebase-auth:20.0.0] AndroidManifest.xml:76:13-80:29
205                <action android:name="com.google.firebase.auth.api.gms.service.START" />
205-->[com.google.firebase:firebase-auth:20.0.0] AndroidManifest.xml:77:17-89
205-->[com.google.firebase:firebase-auth:20.0.0] AndroidManifest.xml:77:25-86
206
207                <category android:name="android.intent.category.DEFAULT" />
207-->[com.firebaseui:firebase-ui-auth:7.1.1] AndroidManifest.xml:95:17-76
207-->[com.firebaseui:firebase-ui-auth:7.1.1] AndroidManifest.xml:95:27-73
208            </intent-filter>
209        </service>
210
211        <activity
211-->[com.google.android.gms:play-services-base:17.1.0] AndroidManifest.xml:23:9-26:75
212            android:name="com.google.android.gms.common.api.GoogleApiActivity"
212-->[com.google.android.gms:play-services-base:17.1.0] AndroidManifest.xml:24:13-79
213            android:exported="false"
213-->[com.google.android.gms:play-services-base:17.1.0] AndroidManifest.xml:25:13-37
214            android:theme="@android:style/Theme.Translucent.NoTitleBar" />
214-->[com.google.android.gms:play-services-base:17.1.0] AndroidManifest.xml:26:13-72
215
216        <provider
216-->[com.google.firebase:firebase-common:20.0.0] AndroidManifest.xml:26:9-31:39
217            android:name="com.google.firebase.provider.FirebaseInitProvider"
217-->[com.google.firebase:firebase-common:20.0.0] AndroidManifest.xml:27:13-77
218            android:authorities="com.example.med2.firebaseinitprovider"
218-->[com.google.firebase:firebase-common:20.0.0] AndroidManifest.xml:28:13-72
219            android:directBootAware="true"
219-->[com.google.firebase:firebase-common:20.0.0] AndroidManifest.xml:29:13-43
220            android:exported="false"
220-->[com.google.firebase:firebase-common:20.0.0] AndroidManifest.xml:30:13-37
221            android:initOrder="100" />
221-->[com.google.firebase:firebase-common:20.0.0] AndroidManifest.xml:31:13-36
222        <provider
222-->[androidx.lifecycle:lifecycle-process:2.2.0] AndroidManifest.xml:25:9-29:43
223            android:name="androidx.lifecycle.ProcessLifecycleOwnerInitializer"
223-->[androidx.lifecycle:lifecycle-process:2.2.0] AndroidManifest.xml:26:13-79
224            android:authorities="com.example.med2.lifecycle-process"
224-->[androidx.lifecycle:lifecycle-process:2.2.0] AndroidManifest.xml:27:13-69
225            android:exported="false"
225-->[androidx.lifecycle:lifecycle-process:2.2.0] AndroidManifest.xml:28:13-37
226            android:multiprocess="true" />
226-->[androidx.lifecycle:lifecycle-process:2.2.0] AndroidManifest.xml:29:13-40
227    </application>
228
229</manifest>